This file contains any messages produced by compilers while
running configure, to aid debugging if configure makes a mistake.

It was created by DKyb-Cxx-Utilities configure 1.0, which was
generated by GNU Autoconf 2.69.  Invocation command line was

  $ ./configure 

## --------- ##
## Platform. ##
## --------- ##

hostname = dieters-desktop
uname -m = x86_64
uname -r = 4.15.0-65-generic
uname -s = Linux
uname -v = #74-Ubuntu SMP Tue Sep 17 17:06:04 UTC 2019

/usr/bin/uname -p = unknown
/bin/uname -X     = unknown

/bin/arch              = unknown
/usr/bin/arch -k       = unknown
/usr/convex/getsysinfo = unknown
/usr/bin/hostinfo      = unknown
/bin/machine           = unknown
/usr/bin/oslevel       = unknown
/bin/universe          = unknown

PATH: /usr/local/sbin
PATH: /usr/local/bin
PATH: /usr/sbin
PATH: /usr/bin
PATH: /sbin
PATH: /bin
PATH: /usr/games
PATH: /usr/local/games
PATH: /snap/bin


## ----------- ##
## Core tests. ##
## ----------- ##

configure:2353: checking for a BSD-compatible install
configure:2421: result: /usr/bin/install -c
configure:2432: checking whether build environment is sane
configure:2487: result: yes
configure:2638: checking for a thread-safe mkdir -p
configure:2677: result: /bin/mkdir -p
configure:2684: checking for gawk
configure:2700: found /usr/bin/gawk
configure:2711: result: gawk
configure:2722: checking whether make sets $(MAKE)
configure:2744: result: yes
configure:2773: checking whether make supports nested variables
configure:2790: result: yes
configure:2930: checking for style of include used by make
configure:2958: result: GNU
configure:3029: checking for gcc
configure:3045: found /usr/local/bin/gcc
configure:3056: result: gcc
configure:3285: checking for C compiler version
configure:3294: gcc --version >&5
gcc (GCC) 9.2.0
Copyright (C) 2019 Free Software Foundation, Inc.
This is free software; see the source for copying conditions.  There is NO
warranty; not even for MERCHANTABILITY or FITNESS FOR A PARTICULAR PURPOSE.

configure:3305: $? = 0
configure:3294: gcc -v >&5
Using built-in specs.
COLLECT_GCC=gcc
COLLECT_LTO_WRAPPER=/usr/local/libexec/gcc/x86_64-pc-linux-gnu/9.2.0/lto-wrapper
Target: x86_64-pc-linux-gnu
Configured with: ./configure --disable-multilib
Thread model: posix
gcc version 9.2.0 (GCC) 
configure:3305: $? = 0
configure:3294: gcc -V >&5
gcc: error: unrecognized command line option '-V'
gcc: fatal error: no input files
compilation terminated.
configure:3305: $? = 1
configure:3294: gcc -qversion >&5
gcc: error: unrecognized command line option '-qversion'; did you mean '--version'?
gcc: fatal error: no input files
compilation terminated.
configure:3305: $? = 1
configure:3325: checking whether the C compiler works
configure:3347: gcc    conftest.c  >&5
configure:3351: $? = 0
configure:3399: result: yes
configure:3402: checking for C compiler default output file name
configure:3404: result: a.out
configure:3410: checking for suffix of executables
configure:3417: gcc -o conftest    conftest.c  >&5
configure:3421: $? = 0
configure:3443: result: 
configure:3465: checking whether we are cross compiling
configure:3473: gcc -o conftest    conftest.c  >&5
configure:3477: $? = 0
configure:3484: ./conftest
configure:3488: $? = 0
configure:3503: result: no
configure:3508: checking for suffix of object files
configure:3530: gcc -c   conftest.c >&5
configure:3534: $? = 0
configure:3555: result: o
configure:3559: checking whether we are using the GNU C compiler
configure:3578: gcc -c   conftest.c >&5
configure:3578: $? = 0
configure:3587: result: yes
configure:3596: checking whether gcc accepts -g
configure:3616: gcc -c -g  conftest.c >&5
configure:3616: $? = 0
configure:3657: result: yes
configure:3674: checking for gcc option to accept ISO C89
configure:3737: gcc  -c -g -O2  conftest.c >&5
configure:3737: $? = 0
configure:3750: result: none needed
configure:3775: checking whether gcc understands -c and -o together
configure:3797: gcc -c conftest.c -o conftest2.o
configure:3800: $? = 0
configure:3797: gcc -c conftest.c -o conftest2.o
configure:3800: $? = 0
configure:3812: result: yes
configure:3831: checking dependency style of gcc
configure:3942: result: gcc3
configure:4007: checking for ar
configure:4023: found /usr/bin/ar
configure:4034: result: ar
configure:4060: checking the archiver (ar) interface
configure:4076: gcc -c -g -O2  conftest.c >&5
configure:4076: $? = 0
configure:4078: ar cru libconftest.a conftest.o >&5
ar: `u' modifier ignored since `D' is the default (see `U')
configure:4081: $? = 0
configure:4109: result: ar
configure:4187: checking for g++
configure:4203: found /usr/local/bin/g++
configure:4214: result: g++
configure:4241: checking for C++ compiler version
configure:4250: g++ --version >&5
g++ (GCC) 9.2.0
Copyright (C) 2019 Free Software Foundation, Inc.
This is free software; see the source for copying conditions.  There is NO
warranty; not even for MERCHANTABILITY or FITNESS FOR A PARTICULAR PURPOSE.

configure:4261: $? = 0
configure:4250: g++ -v >&5
Using built-in specs.
COLLECT_GCC=g++
COLLECT_LTO_WRAPPER=/usr/local/libexec/gcc/x86_64-pc-linux-gnu/9.2.0/lto-wrapper
Target: x86_64-pc-linux-gnu
Configured with: ./configure --disable-multilib
Thread model: posix
gcc version 9.2.0 (GCC) 
configure:4261: $? = 0
configure:4250: g++ -V >&5
g++: error: unrecognized command line option '-V'
g++: fatal error: no input files
compilation terminated.
configure:4261: $? = 1
configure:4250: g++ -qversion >&5
g++: error: unrecognized command line option '-qversion'; did you mean '--version'?
g++: fatal error: no input files
compilation terminated.
configure:4261: $? = 1
configure:4265: checking whether we are using the GNU C++ compiler
configure:4284: g++ -c   conftest.cpp >&5
configure:4284: $? = 0
configure:4293: result: yes
configure:4302: checking whether g++ accepts -g
configure:4322: g++ -c -g  conftest.cpp >&5
configure:4322: $? = 0
configure:4363: result: yes
configure:4388: checking dependency style of g++
configure:4499: result: gcc3
configure:4562: checking for gcc
configure:4589: result: gcc
configure:4818: checking for C compiler version
configure:4827: gcc --version >&5
gcc (GCC) 9.2.0
Copyright (C) 2019 Free Software Foundation, Inc.
This is free software; see the source for copying conditions.  There is NO
warranty; not even for MERCHANTABILITY or FITNESS FOR A PARTICULAR PURPOSE.

configure:4838: $? = 0
configure:4827: gcc -v >&5
Using built-in specs.
COLLECT_GCC=gcc
COLLECT_LTO_WRAPPER=/usr/local/libexec/gcc/x86_64-pc-linux-gnu/9.2.0/lto-wrapper
Target: x86_64-pc-linux-gnu
Configured with: ./configure --disable-multilib
Thread model: posix
gcc version 9.2.0 (GCC) 
configure:4838: $? = 0
configure:4827: gcc -V >&5
gcc: error: unrecognized command line option '-V'
gcc: fatal error: no input files
compilation terminated.
configure:4838: $? = 1
configure:4827: gcc -qversion >&5
gcc: error: unrecognized command line option '-qversion'; did you mean '--version'?
gcc: fatal error: no input files
compilation terminated.
configure:4838: $? = 1
configure:4842: checking whether we are using the GNU C compiler
configure:4870: result: yes
configure:4879: checking whether gcc accepts -g
configure:4940: result: yes
configure:4957: checking for gcc option to accept ISO C89
configure:5033: result: none needed
configure:5058: checking whether gcc understands -c and -o together
configure:5095: result: yes
configure:5114: checking dependency style of gcc
configure:5225: result: gcc3
configure:5283: checking for ranlib
configure:5299: found /usr/bin/ranlib
configure:5310: result: ranlib
configure:5383: checking for boostlib >= 1.20.0
configure:5443: g++ -c -g -O2  -I/usr/local/include conftest.cpp >&5
configure:5443: $? = 0
configure:5445: result: yes
configure:5621: checking whether the Boost::Filesystem library is available
configure:5645: g++ -c -g -O2  -I/usr/local/include conftest.cpp >&5
configure:5645: $? = 0
configure:5659: result: yes
configure:5670: checking for exit in -lboost_filesystem
configure:5695: gcc -o conftest -g -O2  -I/usr/local/include  -L/usr/local/lib conftest.c -lboost_filesystem    >&5
conftest.c:20:6: warning: conflicting types for built-in function 'exit'; expected 'void(int)' [-Wbuiltin-declaration-mismatch]
   20 | char exit ();
      |      ^~~~
conftest.c:1:1: note: 'exit' is declared in header '<stdlib.h>'
    1 | /* confdefs.h */
configure:5695: $? = 0
configure:5705: result: yes
configure:5829: checking how to run the C preprocessor
configure:5860: gcc -E  conftest.c
configure:5860: $? = 0
configure:5874: gcc -E  conftest.c
conftest.c:13:10: fatal error: ac_nonexistent.h: No such file or directory
   13 | #include <ac_nonexistent.h>
      |          ^~~~~~~~~~~~~~~~~~
compilation terminated.
configure:5874: $? = 1
configure: failed program was:
| /* confdefs.h */
| #define PACKAGE_NAME "DKyb-Cxx-Utilities"
| #define PACKAGE_TARNAME "dkyb-cxx-utilities"
| #define PACKAGE_VERSION "1.0"
| #define PACKAGE_STRING "DKyb-Cxx-Utilities 1.0"
| #define PACKAGE_BUGREPORT "github@kybelksties.com"
| #define PACKAGE_URL ""
| #define PACKAGE "dkyb-cxx-utilities"
| #define VERSION "1.0"
| #define HAVE_BOOST /**/
| #define HAVE_BOOST_FILESYSTEM /**/
| /* end confdefs.h.  */
| #include <ac_nonexistent.h>
configure:5899: result: gcc -E
configure:5919: gcc -E  conftest.c
configure:5919: $? = 0
configure:5933: gcc -E  conftest.c
conftest.c:13:10: fatal error: ac_nonexistent.h: No such file or directory
   13 | #include <ac_nonexistent.h>
      |          ^~~~~~~~~~~~~~~~~~
compilation terminated.
configure:5933: $? = 1
configure: failed program was:
| /* confdefs.h */
| #define PACKAGE_NAME "DKyb-Cxx-Utilities"
| #define PACKAGE_TARNAME "dkyb-cxx-utilities"
| #define PACKAGE_VERSION "1.0"
| #define PACKAGE_STRING "DKyb-Cxx-Utilities 1.0"
| #define PACKAGE_BUGREPORT "github@kybelksties.com"
| #define PACKAGE_URL ""
| #define PACKAGE "dkyb-cxx-utilities"
| #define VERSION "1.0"
| #define HAVE_BOOST /**/
| #define HAVE_BOOST_FILESYSTEM /**/
| /* end confdefs.h.  */
| #include <ac_nonexistent.h>
configure:5962: checking for grep that handles long lines and -e
configure:6020: result: /bin/grep
configure:6025: checking for egrep
configure:6087: result: /bin/grep -E
configure:6092: checking for ANSI C header files
configure:6112: gcc -c -g -O2  conftest.c >&5
configure:6112: $? = 0
configure:6185: gcc -o conftest -g -O2   conftest.c  >&5
configure:6185: $? = 0
configure:6185: ./conftest
configure:6185: $? = 0
configure:6196: result: yes
configure:6209: checking for sys/types.h
configure:6209: gcc -c -g -O2  conftest.c >&5
configure:6209: $? = 0
configure:6209: result: yes
configure:6209: checking for sys/stat.h
configure:6209: gcc -c -g -O2  conftest.c >&5
configure:6209: $? = 0
configure:6209: result: yes
configure:6209: checking for stdlib.h
configure:6209: gcc -c -g -O2  conftest.c >&5
configure:6209: $? = 0
configure:6209: result: yes
configure:6209: checking for string.h
configure:6209: gcc -c -g -O2  conftest.c >&5
configure:6209: $? = 0
configure:6209: result: yes
configure:6209: checking for memory.h
configure:6209: gcc -c -g -O2  conftest.c >&5
configure:6209: $? = 0
configure:6209: result: yes
configure:6209: checking for strings.h
configure:6209: gcc -c -g -O2  conftest.c >&5
configure:6209: $? = 0
configure:6209: result: yes
configure:6209: checking for inttypes.h
configure:6209: gcc -c -g -O2  conftest.c >&5
configure:6209: $? = 0
configure:6209: result: yes
configure:6209: checking for stdint.h
configure:6209: gcc -c -g -O2  conftest.c >&5
configure:6209: $? = 0
configure:6209: result: yes
configure:6209: checking for unistd.h
configure:6209: gcc -c -g -O2  conftest.c >&5
configure:6209: $? = 0
configure:6209: result: yes
configure:6224: checking for string.h
configure:6224: result: yes
configure:6224: checking sys/time.h usability
configure:6224: gcc -c -g -O2  conftest.c >&5
configure:6224: $? = 0
configure:6224: result: yes
configure:6224: checking sys/time.h presence
configure:6224: gcc -E  conftest.c
configure:6224: $? = 0
configure:6224: result: yes
configure:6224: checking for sys/time.h
configure:6224: result: yes
configure:6236: checking for stdbool.h that conforms to C99
configure:6303: gcc -c -g -O2  conftest.c >&5
configure:6303: $? = 0
configure:6310: result: yes
configure:6312: checking for _Bool
configure:6312: gcc -c -g -O2  conftest.c >&5
configure:6312: $? = 0
configure:6312: gcc -c -g -O2  conftest.c >&5
conftest.c: In function 'main':
conftest.c:61:20: error: expected expression before ')' token
   61 | if (sizeof ((_Bool)))
      |                    ^
configure:6312: $? = 1
configure: failed program was:
| /* confdefs.h */
| #define PACKAGE_NAME "DKyb-Cxx-Utilities"
| #define PACKAGE_TARNAME "dkyb-cxx-utilities"
| #define PACKAGE_VERSION "1.0"
| #define PACKAGE_STRING "DKyb-Cxx-Utilities 1.0"
| #define PACKAGE_BUGREPORT "github@kybelksties.com"
| #define PACKAGE_URL ""
| #define PACKAGE "dkyb-cxx-utilities"
| #define VERSION "1.0"
| #define HAVE_BOOST /**/
| #define HAVE_BOOST_FILESYSTEM /**/
| #define STDC_HEADERS 1
| #define HAVE_SYS_TYPES_H 1
| #define HAVE_SYS_STAT_H 1
| #define HAVE_STDLIB_H 1
| #define HAVE_STRING_H 1
| #define HAVE_MEMORY_H 1
| #define HAVE_STRINGS_H 1
| #define HAVE_INTTYPES_H 1
| #define HAVE_STDINT_H 1
| #define HAVE_UNISTD_H 1
| #define HAVE_STRING_H 1
| #define HAVE_SYS_TIME_H 1
| /* end confdefs.h.  */
| #include <stdio.h>
| #ifdef HAVE_SYS_TYPES_H
| # include <sys/types.h>
| #endif
| #ifdef HAVE_SYS_STAT_H
| # include <sys/stat.h>
| #endif
| #ifdef STDC_HEADERS
| # include <stdlib.h>
| # include <stddef.h>
| #else
| # ifdef HAVE_STDLIB_H
| #  include <stdlib.h>
| # endif
| #endif
| #ifdef HAVE_STRING_H
| # if !defined STDC_HEADERS && defined HAVE_MEMORY_H
| #  include <memory.h>
| # endif
| # include <string.h>
| #endif
| #ifdef HAVE_STRINGS_H
| # include <strings.h>
| #endif
| #ifdef HAVE_INTTYPES_H
| # include <inttypes.h>
| #endif
| #ifdef HAVE_STDINT_H
| # include <stdint.h>
| #endif
| #ifdef HAVE_UNISTD_H
| # include <unistd.h>
| #endif
| int
| main ()
| {
| if (sizeof ((_Bool)))
| 	    return 0;
|   ;
|   return 0;
| }
configure:6312: result: yes
configure:6323: checking for inline
configure:6339: gcc -c -g -O2  conftest.c >&5
configure:6339: $? = 0
configure:6347: result: inline
configure:6365: checking for size_t
configure:6365: gcc -c -g -O2  conftest.c >&5
configure:6365: $? = 0
configure:6365: gcc -c -g -O2  conftest.c >&5
conftest.c: In function 'main':
conftest.c:62:21: error: expected expression before ')' token
   62 | if (sizeof ((size_t)))
      |                     ^
configure:6365: $? = 1
configure: failed program was:
| /* confdefs.h */
| #define PACKAGE_NAME "DKyb-Cxx-Utilities"
| #define PACKAGE_TARNAME "dkyb-cxx-utilities"
| #define PACKAGE_VERSION "1.0"
| #define PACKAGE_STRING "DKyb-Cxx-Utilities 1.0"
| #define PACKAGE_BUGREPORT "github@kybelksties.com"
| #define PACKAGE_URL ""
| #define PACKAGE "dkyb-cxx-utilities"
| #define VERSION "1.0"
| #define HAVE_BOOST /**/
| #define HAVE_BOOST_FILESYSTEM /**/
| #define STDC_HEADERS 1
| #define HAVE_SYS_TYPES_H 1
| #define HAVE_SYS_STAT_H 1
| #define HAVE_STDLIB_H 1
| #define HAVE_STRING_H 1
| #define HAVE_MEMORY_H 1
| #define HAVE_STRINGS_H 1
| #define HAVE_INTTYPES_H 1
| #define HAVE_STDINT_H 1
| #define HAVE_UNISTD_H 1
| #define HAVE_STRING_H 1
| #define HAVE_SYS_TIME_H 1
| #define HAVE__BOOL 1
| /* end confdefs.h.  */
| #include <stdio.h>
| #ifdef HAVE_SYS_TYPES_H
| # include <sys/types.h>
| #endif
| #ifdef HAVE_SYS_STAT_H
| # include <sys/stat.h>
| #endif
| #ifdef STDC_HEADERS
| # include <stdlib.h>
| # include <stddef.h>
| #else
| # ifdef HAVE_STDLIB_H
| #  include <stdlib.h>
| # endif
| #endif
| #ifdef HAVE_STRING_H
| # if !defined STDC_HEADERS && defined HAVE_MEMORY_H
| #  include <memory.h>
| # endif
| # include <string.h>
| #endif
| #ifdef HAVE_STRINGS_H
| # include <strings.h>
| #endif
| #ifdef HAVE_INTTYPES_H
| # include <inttypes.h>
| #endif
| #ifdef HAVE_STDINT_H
| # include <stdint.h>
| #endif
| #ifdef HAVE_UNISTD_H
| # include <unistd.h>
| #endif
| int
| main ()
| {
| if (sizeof ((size_t)))
| 	    return 0;
|   ;
|   return 0;
| }
configure:6365: result: yes
configure:6381: checking for floor
configure:6381: gcc -o conftest -g -O2   conftest.c  >&5
conftest.c:49:6: warning: conflicting types for built-in function 'floor'; expected 'double(double)' [-Wbuiltin-declaration-mismatch]
   49 | char floor ();
      |      ^~~~~
conftest.c:37:1: note: 'floor' is declared in header '<math.h>'
   36 | # include <limits.h>
   37 | #else
/tmp/ccIDc80C.o: In function `main':
/home/dieter/NetBeansProjects/C--utilities/conftest.c:60: undefined reference to `floor'
collect2: error: ld returned 1 exit status
configure:6381: $? = 1
configure: failed program was:
| /* confdefs.h */
| #define PACKAGE_NAME "DKyb-Cxx-Utilities"
| #define PACKAGE_TARNAME "dkyb-cxx-utilities"
| #define PACKAGE_VERSION "1.0"
| #define PACKAGE_STRING "DKyb-Cxx-Utilities 1.0"
| #define PACKAGE_BUGREPORT "github@kybelksties.com"
| #define PACKAGE_URL ""
| #define PACKAGE "dkyb-cxx-utilities"
| #define VERSION "1.0"
| #define HAVE_BOOST /**/
| #define HAVE_BOOST_FILESYSTEM /**/
| #define STDC_HEADERS 1
| #define HAVE_SYS_TYPES_H 1
| #define HAVE_SYS_STAT_H 1
| #define HAVE_STDLIB_H 1
| #define HAVE_STRING_H 1
| #define HAVE_MEMORY_H 1
| #define HAVE_STRINGS_H 1
| #define HAVE_INTTYPES_H 1
| #define HAVE_STDINT_H 1
| #define HAVE_UNISTD_H 1
| #define HAVE_STRING_H 1
| #define HAVE_SYS_TIME_H 1
| #define HAVE__BOOL 1
| /* end confdefs.h.  */
| /* Define floor to an innocuous variant, in case <limits.h> declares floor.
|    For example, HP-UX 11i <limits.h> declares gettimeofday.  */
| #define floor innocuous_floor
| 
| /* System header to define __stub macros and hopefully few prototypes,
|     which can conflict with char floor (); below.
|     Prefer <limits.h> to <assert.h> if __STDC__ is defined, since
|     <limits.h> exists even on freestanding compilers.  */
| 
| #ifdef __STDC__
| # include <limits.h>
| #else
| # include <assert.h>
| #endif
| 
| #undef floor
| 
| /* Override any GCC internal prototype to avoid an error.
|    Use char because int might match the return type of a GCC
|    builtin and then its argument prototype would still apply.  */
| #ifdef __cplusplus
| extern "C"
| #endif
| char floor ();
| /* The GNU C library defines this for functions which it implements
|     to always fail with ENOSYS.  Some functions are actually named
|     something starting with __ and the normal name is an alias.  */
| #if defined __stub_floor || defined __stub___floor
| choke me
| #endif
| 
| int
| main ()
| {
| return floor ();
|   ;
|   return 0;
| }
configure:6381: result: no
configure:6381: checking for memset
configure:6381: gcc -o conftest -g -O2   conftest.c  >&5
conftest.c:49:6: warning: conflicting types for built-in function 'memset'; expected 'void *(void *, int,  long unsigned int)' [-Wbuiltin-declaration-mismatch]
   49 | char memset ();
      |      ^~~~~~
conftest.c:37:1: note: 'memset' is declared in header '<string.h>'
   36 | # include <limits.h>
   37 | #else
configure:6381: $? = 0
configure:6381: result: yes
configure:6445: checking for pkg-config
configure:6463: found /usr/bin/pkg-config
configure:6475: result: /usr/bin/pkg-config
configure:6500: checking pkg-config is at least version 0.9.0
configure:6503: result: yes
configure:6513: checking for CHECK
configure:6520: $PKG_CONFIG --exists --print-errors "check >= 0.9.10"
configure:6523: $? = 0
configure:6537: $PKG_CONFIG --exists --print-errors "check >= 0.9.10"
configure:6540: $? = 0
configure:6598: result: yes
configure:6714: checking that generated files are newer than configure
configure:6720: result: done
configure:6751: creating ./config.status

## ---------------------- ##
## Running config.status. ##
## ---------------------- ##

This file was extended by DKyb-Cxx-Utilities config.status 1.0, which was
generated by GNU Autoconf 2.69.  Invocation command line was

  CONFIG_FILES    = 
  CONFIG_HEADERS  = 
  CONFIG_LINKS    = 
  CONFIG_COMMANDS = 
  $ ./config.status 

on dieters-desktop

config.status:876: creating Makefile
config.status:876: creating config.h
config.status:1057: config.h is unchanged
config.status:1105: executing depfiles commands

## ---------------- ##
## Cache variables. ##
## ---------------- ##

ac_cv_c_compiler_gnu=yes
ac_cv_c_inline=inline
ac_cv_cxx_compiler_gnu=yes
ac_cv_env_CCC_set=
ac_cv_env_CCC_value=
ac_cv_env_CC_set=
ac_cv_env_CC_value=
ac_cv_env_CFLAGS_set=
ac_cv_env_CFLAGS_value=
ac_cv_env_CHECK_CFLAGS_set=
ac_cv_env_CHECK_CFLAGS_value=
ac_cv_env_CHECK_LIBS_set=
ac_cv_env_CHECK_LIBS_value=
ac_cv_env_CPPFLAGS_set=
ac_cv_env_CPPFLAGS_value=
ac_cv_env_CPP_set=
ac_cv_env_CPP_value=
ac_cv_env_CXXFLAGS_set=
ac_cv_env_CXXFLAGS_value=
ac_cv_env_CXX_set=
ac_cv_env_CXX_value=
ac_cv_env_LDFLAGS_set=
ac_cv_env_LDFLAGS_value=
ac_cv_env_LIBS_set=
ac_cv_env_LIBS_value=
ac_cv_env_PKG_CONFIG_LIBDIR_set=
ac_cv_env_PKG_CONFIG_LIBDIR_value=
ac_cv_env_PKG_CONFIG_PATH_set=
ac_cv_env_PKG_CONFIG_PATH_value=
ac_cv_env_PKG_CONFIG_set=
ac_cv_env_PKG_CONFIG_value=
ac_cv_env_build_alias_set=
ac_cv_env_build_alias_value=
ac_cv_env_host_alias_set=
ac_cv_env_host_alias_value=
ac_cv_env_target_alias_set=
ac_cv_env_target_alias_value=
ac_cv_func_floor=no
ac_cv_func_memset=yes
ac_cv_header_inttypes_h=yes
ac_cv_header_memory_h=yes
ac_cv_header_stdbool_h=yes
ac_cv_header_stdc=yes
ac_cv_header_stdint_h=yes
ac_cv_header_stdlib_h=yes
ac_cv_header_string_h=yes
ac_cv_header_strings_h=yes
ac_cv_header_sys_stat_h=yes
ac_cv_header_sys_time_h=yes
ac_cv_header_sys_types_h=yes
ac_cv_header_unistd_h=yes
ac_cv_lib_boost_filesystem___exit=yes
ac_cv_objext=o
ac_cv_path_EGREP='/bin/grep -E'
ac_cv_path_GREP=/bin/grep
ac_cv_path_ac_pt_PKG_CONFIG=/usr/bin/pkg-config
ac_cv_path_install='/usr/bin/install -c'
ac_cv_path_mkdir=/bin/mkdir
ac_cv_prog_AWK=gawk
ac_cv_prog_CPP='gcc -E'
ac_cv_prog_ac_ct_AR=ar
ac_cv_prog_ac_ct_CC=gcc
ac_cv_prog_ac_ct_CXX=g++
ac_cv_prog_ac_ct_RANLIB=ranlib
ac_cv_prog_cc_c89=
ac_cv_prog_cc_g=yes
ac_cv_prog_cxx_g=yes
ac_cv_prog_make_make_set=yes
ac_cv_type__Bool=yes
ac_cv_type_size_t=yes
am_cv_CC_dependencies_compiler_type=gcc3
am_cv_CXX_dependencies_compiler_type=gcc3
am_cv_ar_interface=ar
am_cv_make_support_nested_variables=yes
am_cv_prog_cc_c_o=yes
ax_cv_boost_filesystem=yes
pkg_cv_CHECK_CFLAGS=-pthread
pkg_cv_CHECK_LIBS='-lcheck_pic -pthread -lrt -lm -lsubunit'

## ----------------- ##
## Output variables. ##
## ----------------- ##

ACLOCAL='${SHELL} /home/dieter/NetBeansProjects/C--utilities/missing aclocal-1.15'
AMDEPBACKSLASH='\'
AMDEP_FALSE='#'
AMDEP_TRUE=''
AMTAR='$${TAR-tar}'
AM_BACKSLASH='\'
AM_DEFAULT_V='$(AM_DEFAULT_VERBOSITY)'
AM_DEFAULT_VERBOSITY='1'
AM_V='$(V)'
AR='ar'
AUTOCONF='${SHELL} /home/dieter/NetBeansProjects/C--utilities/missing autoconf'
AUTOHEADER='${SHELL} /home/dieter/NetBeansProjects/C--utilities/missing autoheader'
AUTOMAKE='${SHELL} /home/dieter/NetBeansProjects/C--utilities/missing automake-1.15'
AWK='gawk'
BOOST_CPPFLAGS='-I/usr/local/include'
BOOST_FILESYSTEM_LIB='-lboost_filesystem'
BOOST_LDFLAGS='-L/usr/local/lib'
CC='gcc'
CCDEPMODE='depmode=gcc3'
CFLAGS='-g -O2'
CHECK_CFLAGS='-pthread'
CHECK_LIBS='-lcheck_pic -pthread -lrt -lm -lsubunit'
CPP='gcc -E'
CPPFLAGS=''
CXX='g++'
CXXDEPMODE='depmode=gcc3'
CXXFLAGS='-g -O2'
CYGPATH_W='echo'
DEFS='-DHAVE_CONFIG_H'
DEPDIR='.deps'
ECHO_C=''
ECHO_N='-n'
ECHO_T=''
EGREP='/bin/grep -E'
EXEEXT=''
GREP='/bin/grep'
INSTALL_DATA='${INSTALL} -m 644'
INSTALL_PROGRAM='${INSTALL}'
INSTALL_SCRIPT='${INSTALL}'
INSTALL_STRIP_PROGRAM='$(install_sh) -c -s'
LDFLAGS=''
LIBOBJS=''
LIBS=''
LTLIBOBJS=''
MAKEINFO='${SHELL} /home/dieter/NetBeansProjects/C--utilities/missing makeinfo'
MKDIR_P='/bin/mkdir -p'
OBJEXT='o'
PACKAGE='dkyb-cxx-utilities'
PACKAGE_BUGREPORT='github@kybelksties.com'
PACKAGE_NAME='DKyb-Cxx-Utilities'
PACKAGE_STRING='DKyb-Cxx-Utilities 1.0'
PACKAGE_TARNAME='dkyb-cxx-utilities'
PACKAGE_URL=''
PACKAGE_VERSION='1.0'
PATH_SEPARATOR=':'
PKG_CONFIG='/usr/bin/pkg-config'
PKG_CONFIG_LIBDIR=''
PKG_CONFIG_PATH=''
RANLIB='ranlib'
SET_MAKE=''
SHELL='/bin/bash'
STRIP=''
VERSION='1.0'
ac_ct_AR='ar'
ac_ct_CC='gcc'
ac_ct_CXX='g++'
am__EXEEXT_FALSE=''
am__EXEEXT_TRUE='#'
am__fastdepCC_FALSE='#'
am__fastdepCC_TRUE=''
am__fastdepCXX_FALSE='#'
am__fastdepCXX_TRUE=''
am__include='include'
am__isrc=''
am__leading_dot='.'
am__nodep='_no'
am__quote=''
am__tar='$${TAR-tar} chof - "$$tardir"'
am__untar='$${TAR-tar} xf -'
bindir='${exec_prefix}/bin'
build_alias=''
datadir='${datarootdir}'
datarootdir='${prefix}/share'
docdir='${datarootdir}/doc/${PACKAGE_TARNAME}'
dvidir='${docdir}'
exec_prefix='${prefix}'
host_alias=''
htmldir='${docdir}'
includedir='${prefix}/include'
infodir='${datarootdir}/info'
install_sh='${SHELL} /home/dieter/NetBeansProjects/C--utilities/install-sh'
libdir='${exec_prefix}/lib'
libexecdir='${exec_prefix}/libexec'
localedir='${datarootdir}/locale'
localstatedir='${prefix}/var'
mandir='${datarootdir}/man'
mkdir_p='$(MKDIR_P)'
oldincludedir='/usr/include'
pdfdir='${docdir}'
prefix='/usr/local'
program_transform_name='s,x,x,'
psdir='${docdir}'
runstatedir='${localstatedir}/run'
sbindir='${exec_prefix}/sbin'
sharedstatedir='${prefix}/com'
sysconfdir='${prefix}/etc'
target_alias=''

## ----------- ##
## confdefs.h. ##
## ----------- ##

/* confdefs.h */
#define PACKAGE_NAME "DKyb-Cxx-Utilities"
#define PACKAGE_TARNAME "dkyb-cxx-utilities"
#define PACKAGE_VERSION "1.0"
#define PACKAGE_STRING "DKyb-Cxx-Utilities 1.0"
#define PACKAGE_BUGREPORT "github@kybelksties.com"
#define PACKAGE_URL ""
#define PACKAGE "dkyb-cxx-utilities"
#define VERSION "1.0"
#define HAVE_BOOST /**/
#define HAVE_BOOST_FILESYSTEM /**/
#define STDC_HEADERS 1
#define HAVE_SYS_TYPES_H 1
#define HAVE_SYS_STAT_H 1
#define HAVE_STDLIB_H 1
#define HAVE_STRING_H 1
#define HAVE_MEMORY_H 1
#define HAVE_STRINGS_H 1
#define HAVE_INTTYPES_H 1
#define HAVE_STDINT_H 1
#define HAVE_UNISTD_H 1
#define HAVE_STRING_H 1
#define HAVE_SYS_TIME_H 1
#define HAVE__BOOL 1
#define HAVE_MEMSET 1

configure: exit 0

## ---------------------- ##
## Running config.status. ##
## ---------------------- ##

This file was extended by DKyb-Cxx-Utilities config.status 1.0, which was
generated by GNU Autoconf 2.69.  Invocation command line was

  CONFIG_FILES    = 
  CONFIG_HEADERS  = 
  CONFIG_LINKS    = 
  CONFIG_COMMANDS = 
  $ ./config.status Makefile depfiles

on dieters-desktop

config.status:876: creating Makefile
config.status:1105: executing depfiles commands
